Obtaining sorl-thumbnail from hg+https://sorl-thumbnail.googlecode.com/hg/#egg=sorl-thumbnail
  Cloning hg https://sorl-thumbnail.googlecode.com/hg/ to ./src/sorl-thumbnail
  Running command hg clone -q https://sorl-thumbnail.googlecode.com/hg/ /opt/webapps/venv/satchmo-bursar/lib/src/django-bursar/test/src/sorl-thumbnail
  Running command hg update -q
  Running setup.py egg_info for package sorl-thumbnail
    running egg_info
    creating sorl_thumbnail.egg-info
    writing sorl_thumbnail.egg-info/PKG-INFO
    writing top-level names to sorl_thumbnail.egg-info/top_level.txt
    writing dependency_links to sorl_thumbnail.egg-info/dependency_links.txt
    writing manifest file 'sorl_thumbnail.egg-info/SOURCES.txt'
    warning: manifest_maker: standard file '-c' not found
    reading manifest file 'sorl_thumbnail.egg-info/SOURCES.txt'
    reading manifest template 'MANIFEST.in'
    writing manifest file 'sorl_thumbnail.egg-info/SOURCES.txt'
Installing collected packages: sorl-thumbnail
  Running setup.py develop for sorl-thumbnail
    Running command /usr/bin/python -c "import setuptools; __file__='/opt/webapps/venv/satchmo-bursar/lib/src/django-bursar/test/src/sorl-thumbnail/setup.py'; execfile('/opt/webapps/venv/satchmo-bursar/lib/src/django-bursar/test/src/sorl-thumbnail/setup.py')" develop --no-deps
    running develop
    running egg_info
    writing sorl_thumbnail.egg-info/PKG-INFO
    writing top-level names to sorl_thumbnail.egg-info/top_level.txt
    writing dependency_links to sorl_thumbnail.egg-info/dependency_links.txt
    warning: manifest_maker: standard file '-c' not found
    reading manifest file 'sorl_thumbnail.egg-info/SOURCES.txt'
    reading manifest template 'MANIFEST.in'
    writing manifest file 'sorl_thumbnail.egg-info/SOURCES.txt'
    running build_ext
    Creating /Library/Python/2.6/site-packages/sorl-thumbnail.egg-link (link to .)
    Adding sorl-thumbnail 3.2.3 to easy-install.pth file
    error: /Library/Python/2.6/site-packages/easy-install.pth: Permission denied
    Complete output from command /usr/bin/python -c "import setuptools; __file__='/opt/webapps/venv/satchmo-bursar/lib/src/django-bursar/test/src/sorl-thumbnail/setup.py'; execfile('/opt/webapps/venv/satchmo-bursar/lib/src/django-bursar/test/src/sorl-thumbnail/setup.py')" develop --no-deps:
    running develop

running egg_info

writing sorl_thumbnail.egg-info/PKG-INFO

writing top-level names to sorl_thumbnail.egg-info/top_level.txt

writing dependency_links to sorl_thumbnail.egg-info/dependency_links.txt

warning: manifest_maker: standard file '-c' not found

reading manifest file 'sorl_thumbnail.egg-info/SOURCES.txt'

reading manifest template 'MANIFEST.in'

writing manifest file 'sorl_thumbnail.egg-info/SOURCES.txt'

running build_ext

Creating /Library/Python/2.6/site-packages/sorl-thumbnail.egg-link (link to .)

Adding sorl-thumbnail 3.2.3 to easy-install.pth file

error: /Library/Python/2.6/site-packages/easy-install.pth: Permission denied

----------------------------------------
Command /usr/bin/python -c "import setuptools; __file__='/opt/webapps/venv/satchmo-bursar/lib/src/django-bursar/test/src/sorl-thumbnail/setup.py'; execfile('/opt/webapps/venv/satchmo-bursar/lib/src/django-bursar/test/src/sorl-thumbnail/setup.py')" develop --no-deps failed with error code 1
Exception information:
Traceback (most recent call last):
  File "/Library/Python/2.6/site-packages/pip-0.4-py2.6.egg/pip.py", line 274, in main
    self.run(options, args)
  File "/Library/Python/2.6/site-packages/pip-0.4-py2.6.egg/pip.py", line 433, in run
    requirement_set.install(install_options)
  File "/Library/Python/2.6/site-packages/pip-0.4-py2.6.egg/pip.py", line 2082, in install
    requirement.install(install_options)
  File "/Library/Python/2.6/site-packages/pip-0.4-py2.6.egg/pip.py", line 1552, in install
    self.install_editable()
  File "/Library/Python/2.6/site-packages/pip-0.4-py2.6.egg/pip.py", line 1620, in install_editable
    show_stdout=False)
  File "/Library/Python/2.6/site-packages/pip-0.4-py2.6.egg/pip.py", line 3643, in call_subprocess
    % (command_desc, proc.returncode))
InstallationError: Command /usr/bin/python -c "import setuptools; __file__='/opt/webapps/venv/satchmo-bursar/lib/src/django-bursar/test/src/sorl-thumbnail/setup.py'; execfile('/opt/webapps/venv/satchmo-bursar/lib/src/django-bursar/test/src/sorl-thumbnail/setup.py')" develop --no-deps failed with error code 1
------------------------------------------------------------
/opt/webapps/venv/satchmo-bursar/bin/pip run on Tue Oct 20 11:51:58 2009
Downloading/unpacking pychecker
  Getting page http://pypi.python.org/simple/pychecker
  URLs to search for versions for pychecker:
  * http://pypi.python.org/simple/pychecker/
  Getting page http://pypi.python.org/simple/pychecker/
  Getting page http://pychecker.sourceforge.net/
  Analyzing links from page http://pypi.python.org/simple/PyChecker
    Skipping link http://pychecker.sourceforge.net/ (from http://pypi.python.org/simple/PyChecker); not a file
  Analyzing links from page http://pychecker.sourceforge.net/
    Skipping link http://www.python.org (from http://pychecker.sourceforge.net/); not a file
    Skipping link http://www.unixreview.com/documents/s=2426/uni1018986621203/0204h.htm (from http://pychecker.sourceforge.net/); unknown archive format: .htm
    Skipping link http://www.unixreview.com (from http://pychecker.sourceforge.net/); not a file
    Skipping link http://pychecker.sourceforge.net/#import (from http://pychecker.sourceforge.net/); not a file
    Skipping link http://pychecker.cvs.sourceforge.net/pychecker/pychecker/pycheckrc?pathrev=current&view=markup (from http://pychecker.sourceforge.net/); not a file
    Skipping link https://sourceforge.net/tracker/?atid=382217&group_id=24686&func=browse (from http://pychecker.sourceforge.net/); not a file
    Skipping link http://pychecker.cvs.sourceforge.net/pychecker/pychecker/VERSION?pathrev=current&view=markup (from http://pychecker.sourceforge.net/); not a file
    Skipping link http://sourceforge.net/project/showfiles.php?group_id=24686 (from http://pychecker.sourceforge.net/); unknown archive format: .php
    Skipping link http://pychecker.cvs.sourceforge.net/pychecker/pychecker/NEWS?pathrev=current&view=markup (from http://pychecker.sourceforge.net/); not a file
    Skipping link http://pychecker.cvs.sourceforge.net/pychecker/pychecker/ChangeLog?pathrev=current&view=markup (from http://pychecker.sourceforge.net/); not a file
    Skipping link http://pychecker.cvs.sourceforge.net/pychecker/pychecker/TODO?pathrev=current&view=markup (from http://pychecker.sourceforge.net/); not a file
    Skipping link http://pychecker.cvs.sourceforge.net/pychecker/pychecker/KNOWN_BUGS?pathrev=current&view=markup (from http://pychecker.sourceforge.net/); not a file
    Skipping link http://pychecker.sourceforge.net/COPYRIGHT (from http://pychecker.sourceforge.net/); not a file
    Skipping link http://pychecker.cvs.sourceforge.net/pychecker/pychecker/NEWS?pathrev=HEAD&view=markup (from http://pychecker.sourceforge.net/); not a file
    Skipping link http://pychecker.cvs.sourceforge.net/pychecker/pychecker/ChangeLog?pathrev=HEAD&view=markup (from http://pychecker.sourceforge.net/); not a file
    Skipping link http://pychecker.cvs.sourceforge.net/pychecker/pychecker/TODO?pathrev=HEAD&view=markup (from http://pychecker.sourceforge.net/); not a file
    Skipping link http://pychecker.cvs.sourceforge.net/pychecker/pychecker/KNOWN_BUGS?pathrev=HEAD&view=markup (from http://pychecker.sourceforge.net/); not a file
    Skipping link http://sf.net/projects/pychecker (from http://pychecker.sourceforge.net/); not a file
    Skipping link mailto:pychecker-list@lists.sourceforge.net (from http://pychecker.sourceforge.net/); unknown archive format: .net
  Could not find any downloads that satisfy the requirement pychecker
No distributions at all found for pychecker
Exception information:
Traceback (most recent call last):
  File "/opt/webapps/venv/satchmo-bursar/lib/python2.6/site-packages/pip-0.5.1-py2.6.egg/pip.py", line 295, in main
    self.run(options, args)
  File "/opt/webapps/venv/satchmo-bursar/lib/python2.6/site-packages/pip-0.5.1-py2.6.egg/pip.py", line 479, in run
    requirement_set.install_files(finder, force_root_egg_info=self.bundle)
  File "/opt/webapps/venv/satchmo-bursar/lib/python2.6/site-packages/pip-0.5.1-py2.6.egg/pip.py", line 1961, in install_files
    url = finder.find_requirement(req_to_install, upgrade=self.upgrade)
  File "/opt/webapps/venv/satchmo-bursar/lib/python2.6/site-packages/pip-0.5.1-py2.6.egg/pip.py", line 1146, in find_requirement
    raise DistributionNotFound('No distributions at all found for %s' % req)
DistributionNotFound: No distributions at all found for pychecker
